2025-11-18 18:33:21,499 - ERROR - Failed to connect to database: connection to server at "localhost" (::1), port 5432 failed: Connection refused
	Is the server running on that host and accepting TCP/IP connections?
connection to server at "localhost" (127.0.0.1), port 5432 failed: Connection refused
	Is the server running on that host and accepting TCP/IP connections?

2025-11-18 18:33:21,500 - ERROR - Failed to load data: connection to server at "localhost" (::1), port 5432 failed: Connection refused
	Is the server running on that host and accepting TCP/IP connections?
connection to server at "localhost" (127.0.0.1), port 5432 failed: Connection refused
	Is the server running on that host and accepting TCP/IP connections?

2025-11-18 18:53:32,086 - INFO - Connected to database successfully
2025-11-18 18:53:32,087 - INFO - Loading actors from data/NAMO_actor_251118.xlsx
2025-11-18 18:53:42,907 - ERROR - Failed to load data: ON CONFLICT DO UPDATE command cannot affect row a second time
HINT:  Ensure that no rows proposed for insertion within the same command have duplicate constrained values.

2025-11-18 18:53:42,907 - INFO - Database connection closed
2025-11-18 18:53:51,938 - INFO - Connected to database successfully
2025-11-18 18:53:51,938 - INFO - Loading actors from data/NAMO_actor_251118.xlsx
2025-11-18 18:53:54,104 - INFO - Deduplicated 8 duplicate actors
2025-11-18 18:53:54,150 - INFO - Loaded 76 actors
2025-11-18 18:53:54,151 - INFO - Loading articles from data/nlp_enriched/nlp_enriched_NAMO_preprocessed_test_final.parquet
2025-11-18 18:53:54,282 - INFO - Total articles to load: 996
2025-11-18 18:53:55,560 - INFO - ================================================================================
2025-11-18 18:53:55,560 - INFO - Loading complete!
2025-11-18 18:53:55,561 - INFO - Inserted/Updated: 996
2025-11-18 18:53:55,561 - INFO - Errors: 0
2025-11-18 18:53:55,561 - INFO - ================================================================================
2025-11-18 18:53:55,582 - INFO - ================================================================================
2025-11-18 18:53:55,583 - INFO - Database Statistics
2025-11-18 18:53:55,583 - INFO - ================================================================================
2025-11-18 18:53:55,583 - INFO - Total articles: 996
2025-11-18 18:53:55,583 - INFO - Total actors: 68
2025-11-18 18:53:55,583 - INFO - 
Articles by country:
2025-11-18 18:53:55,583 - INFO -   denmark: 327
2025-11-18 18:53:55,583 - INFO -   sweden: 326
2025-11-18 18:53:55,583 - INFO -   norway: 234
2025-11-18 18:53:55,584 - INFO -   finland: 109
2025-11-18 18:53:55,584 - INFO - 
Articles by partisan:
2025-11-18 18:53:55,584 - INFO -   Right: 732
2025-11-18 18:53:55,584 - INFO -   Left: 174
2025-11-18 18:53:55,584 - INFO -   Other: 86
2025-11-18 18:53:55,584 - INFO - ================================================================================
2025-11-18 18:53:55,585 - INFO - Database connection closed
2025-12-11 20:14:28,755 - INFO - Connected to database successfully
2025-12-11 20:14:28,755 - INFO - Loading articles from data/processed/sample_1000.parquet
2025-12-11 20:14:28,788 - INFO - Total articles to load: 996
2025-12-11 20:14:28,976 - INFO - ================================================================================
2025-12-11 20:14:28,976 - INFO - Loading complete!
2025-12-11 20:14:28,976 - INFO - Inserted/Updated: 996
2025-12-11 20:14:28,976 - INFO - Errors: 0
2025-12-11 20:14:28,976 - INFO - ================================================================================
2025-12-11 20:14:28,995 - INFO - ================================================================================
2025-12-11 20:14:28,995 - INFO - Database Statistics
2025-12-11 20:14:28,995 - INFO - ================================================================================
2025-12-11 20:14:28,995 - INFO - Total articles: 996
2025-12-11 20:14:28,995 - INFO - Total actors: 0
2025-12-11 20:14:28,995 - INFO - 
Articles by country:
2025-12-11 20:14:28,995 - INFO -   denmark: 327
2025-12-11 20:14:28,995 - INFO -   sweden: 326
2025-12-11 20:14:28,995 - INFO -   norway: 234
2025-12-11 20:14:28,995 - INFO -   finland: 109
2025-12-11 20:14:28,995 - INFO - 
Articles by partisan:
2025-12-11 20:14:28,995 - INFO -   Right: 732
2025-12-11 20:14:28,995 - INFO -   Left: 174
2025-12-11 20:14:28,995 - INFO -   Other: 86
2025-12-11 20:14:28,995 - INFO - ================================================================================
2025-12-11 20:14:28,995 - INFO - Database connection closed
