2025-11-18 14:56:59,261 - INFO - Initializing preprocessor (test_mode=True, test_size=100)
2025-11-18 14:56:59,262 - INFO - ================================================================================
2025-11-18 14:56:59,262 - INFO - Starting basic preprocessing pipeline
2025-11-18 14:56:59,263 - INFO - ================================================================================
2025-11-18 14:56:59,263 - INFO - Loading article data from /Users/Codebase/projects/alterpublics/NAMO_nov25/data/NAMO_2025_09.csv
2025-11-18 14:56:59,264 - INFO - TEST MODE: Loading first 100 rows
2025-11-18 14:57:18,398 - INFO - Article data loaded: 100 rows, 11 columns
2025-11-18 14:57:18,399 - INFO - Article columns: ['url', 'title', 'description', 'content', 'author', 'date', 'extraction_method', 'domain', 'country', 'content_length', 'scraped_at']
2025-11-18 14:57:18,400 - INFO - Loading actor data from /Users/Codebase/projects/alterpublics/NAMO_nov25/data/NAMO_actor_251118.xlsx
2025-11-18 14:57:19,437 - INFO - Actor data loaded: 75 rows, 25 columns
2025-11-18 14:57:19,437 - INFO - Actor columns: ['Actor_domain', 'Actor', 'Country', 'primary_format', 'secondary_format', 'Organizational Links', 'Partisan', 'Partisan_fullcategories', 'Self-description', 'Website', 'Facebook Page', 'Facebook Group', 'Twitter', 'Instagram', 'Youtube', 'Telegram', 'Vkontakte', 'TikTok', 'Gab', 'robots_txt', 'Notes_robots_txt', 'Notes', 'About', 'About (04.02.23)', 'About (SoMe)']
2025-11-18 14:57:19,442 - INFO - Merging partisan data from actor dataset...
2025-11-18 14:57:19,477 - INFO - Unique domains in articles: 27
2025-11-18 14:57:19,478 - INFO - Unique domains in actors: 67
2025-11-18 14:57:19,531 - INFO - Merge complete: 64/100 articles matched (64.0%)
2025-11-18 14:57:19,577 - INFO - Checkpoint saved: /Users/Codebase/projects/alterpublics/NAMO_nov25/data/processed/checkpoint_01_merged.parquet
2025-11-18 14:57:19,577 - INFO - Adding basic features (external links, word count, etc.)...
2025-11-18 14:57:19,638 - INFO - Checkpoint saved: /Users/Codebase/projects/alterpublics/NAMO_nov25/data/processed/checkpoint_02_basic_features.parquet
2025-11-18 14:57:19,638 - INFO - ================================================================================
2025-11-18 14:57:19,638 - INFO - Basic preprocessing complete!
2025-11-18 14:57:19,639 - INFO - Final shape: (100, 18)
2025-11-18 14:57:19,639 - INFO - Columns: ['url', 'title', 'description', 'content', 'author', 'date', 'extraction_method', 'domain', 'country', 'content_length', 'scraped_at', 'Actor', 'Country', 'Partisan', 'Partisan_fullcategories', 'external_links', 'word_count', 'preprocessed_at']
2025-11-18 14:57:19,639 - INFO - ================================================================================
2025-11-18 14:57:19,651 - INFO - Final output saved: /Users/Codebase/projects/alterpublics/NAMO_nov25/data/processed/NAMO_preprocessed_test.parquet
2025-11-18 15:48:02,343 - INFO - Initializing preprocessor (test_mode=True, test_size=1000)
2025-11-18 15:48:02,343 - INFO - ================================================================================
2025-11-18 15:48:02,343 - INFO - Starting basic preprocessing pipeline
2025-11-18 15:48:02,343 - INFO - ================================================================================
2025-11-18 15:48:02,343 - INFO - Loading article data from /Users/Codebase/projects/alterpublics/NAMO_nov25/data/NAMO_2025_09.csv
2025-11-18 15:48:02,344 - INFO - TEST MODE: Loading first 1000 rows
2025-11-18 15:48:02,614 - INFO - Article data loaded: 1000 rows, 11 columns
2025-11-18 15:48:02,615 - INFO - Article columns: ['url', 'title', 'description', 'content', 'author', 'date', 'extraction_method', 'domain', 'country', 'content_length', 'scraped_at']
2025-11-18 15:48:02,617 - INFO - Found 140 articles with NULL domain. Attempting to extract from URL...
2025-11-18 15:48:02,641 - INFO - Fixed 140 NULL domains by extracting from URL
2025-11-18 15:48:02,642 - INFO - Removed 4 articles from nordfront.dk domain
2025-11-18 15:48:02,643 - INFO - Loading actor data from /Users/Codebase/projects/alterpublics/NAMO_nov25/data/NAMO_actor_251118.xlsx
2025-11-18 15:48:25,497 - INFO - Initializing preprocessor (test_mode=True, test_size=1000)
2025-11-18 15:48:25,497 - INFO - ================================================================================
2025-11-18 15:48:25,497 - INFO - Starting basic preprocessing pipeline
2025-11-18 15:48:25,497 - INFO - ================================================================================
2025-11-18 15:48:25,497 - INFO - Loading article data from /Users/Codebase/projects/alterpublics/NAMO_nov25/data/NAMO_2025_09.csv
2025-11-18 15:48:25,497 - INFO - TEST MODE: Loading first 1000 rows
2025-11-18 15:48:25,800 - INFO - Article data loaded: 1000 rows, 11 columns
2025-11-18 15:48:25,802 - INFO - Article columns: ['url', 'title', 'description', 'content', 'author', 'date', 'extraction_method', 'domain', 'country', 'content_length', 'scraped_at']
2025-11-18 15:48:25,818 - INFO - Found 140 articles with NULL domain. Attempting to extract from URL...
2025-11-18 15:48:25,866 - INFO - Fixed 140 NULL domains by extracting from URL
2025-11-18 15:48:25,868 - INFO - Removed 4 articles from nordfront.dk domain
2025-11-18 15:48:25,869 - INFO - Loading actor data from /Users/Codebase/projects/alterpublics/NAMO_nov25/data/NAMO_actor_251118.xlsx
2025-11-18 15:48:26,470 - INFO - Actor data loaded: 76 rows, 25 columns
2025-11-18 15:48:26,470 - INFO - Actor columns: ['Actor_domain', 'Actor', 'Country', 'primary_format', 'secondary_format', 'Organizational Links', 'Partisan', 'Partisan_fullcategories', 'Self-description', 'Website', 'Facebook Page', 'Facebook Group', 'Twitter', 'Instagram', 'Youtube', 'Telegram', 'Vkontakte', 'TikTok', 'Gab', 'robots_txt', 'Notes_robots_txt', 'Notes', 'About', 'About (04.02.23)', 'About (SoMe)']
2025-11-18 15:48:26,471 - INFO - Merging partisan data from actor dataset...
2025-11-18 15:48:26,481 - INFO - Unique normalized domains in articles: 60
2025-11-18 15:48:26,481 - INFO - Unique normalized domains in actors: 67
2025-11-18 15:48:26,485 - INFO - Merge complete: 992/996 articles matched (99.6%)
2025-11-18 15:48:26,485 - INFO - Unmatched articles: 4 (0.4%)
2025-11-18 15:48:26,487 - INFO - Sample unmatched domains:
2025-11-18 15:48:26,488 - INFO -   - frihedsbrevet.dk: 4 articles
2025-11-18 15:48:26,572 - INFO - Checkpoint saved: /Users/Codebase/projects/alterpublics/NAMO_nov25/data/processed/checkpoint_01_merged.parquet
2025-11-18 15:48:26,573 - INFO - Adding basic features (external links, word count, etc.)...
2025-11-18 15:48:26,835 - INFO - Checkpoint saved: /Users/Codebase/projects/alterpublics/NAMO_nov25/data/processed/checkpoint_02_basic_features.parquet
2025-11-18 15:48:26,836 - INFO - ================================================================================
2025-11-18 15:48:26,836 - INFO - Basic preprocessing complete!
2025-11-18 15:48:26,836 - INFO - Final shape: (996, 19)
2025-11-18 15:48:26,836 - INFO - Columns: ['url', 'title', 'description', 'content', 'author', 'date', 'extraction_method', 'domain', 'country', 'content_length', 'scraped_at', 'Actor_domain', 'Actor', 'Country', 'Partisan', 'Partisan_fullcategories', 'external_links', 'word_count', 'preprocessed_at']
2025-11-18 15:48:26,836 - INFO - ================================================================================
2025-11-18 15:48:26,927 - INFO - Final output saved: /Users/Codebase/projects/alterpublics/NAMO_nov25/data/processed/NAMO_preprocessed_test.parquet
